PRT1
247
615
4 0 2 (4096 1024 128 ) (4096 1024 1536 ) (4096 1472 1536 ) (4096 1472 128 ) 
4 0 1 (4096 1024 1536 ) (4096 1024 128 ) (5056 1024 128 ) (5056 1024 1536 ) 
4 1 6 (5056 0 1536 ) (4096 0 1536 ) (4096 0 128 ) (5056 0 128 ) 
4 1 4 (4096 0 128 ) (4096 0 1536 ) (4096 1024 1536 ) (4096 1024 128 ) 
4 2 4 (4096 1024 128 ) (4096 1024 1536 ) (3072 1024 1536 ) (3072 1024 128 ) 
4 2 3 (3072 1024 128 ) (3072 1024 1536 ) (3072 1472 1536 ) (3072 1472 128 ) 
4 3 18 (2048 1024 128 ) (2048 1024 1536 ) (2048 1472 1536 ) (2048 1472 128 ) 
4 3 5 (3072 1024 128 ) (3072 1024 1536 ) (2048 1024 1536 ) (2048 1024 128 ) 
4 4 8 (4096 0 128 ) (4096 0 1536 ) (3072 0 1536 ) (3072 0 128 ) 
4 4 5 (3072 1024 1536 ) (3072 1024 128 ) (3072 0 128 ) (3072 0 1536 ) 
4 5 20 (2048 0 128 ) (2048 0 1536 ) (2048 1024 1536 ) (2048 1024 128 ) 
4 5 9 (3072 0 128 ) (3072 0 1536 ) (2048 0 1536 ) (2048 0 128 ) 
4 6 8 (4096 0 1536 ) (4096 0 128 ) (4096 -1024 128 ) (4096 -1024 1536 ) 
4 6 7 (5056 -1024 1536 ) (4096 -1024 1536 ) (4096 -1024 128 ) (5056 -1024 128 ) 
4 7 12 (5056 -2048 1536 ) (4096 -2048 1536 ) (4096 -2048 128 ) (5056 -2048 128 ) 
4 7 10 (4096 -2048 128 ) (4096 -2048 1536 ) (4096 -1024 1536 ) (4096 -1024 128 ) 
4 8 10 (4096 -1024 128 ) (4096 -1024 1536 ) (3072 -1024 1536 ) (3072 -1024 128 ) 
4 8 9 (3072 0 1536 ) (3072 0 128 ) (3072 -1024 128 ) (3072 -1024 1536 ) 
4 9 26 (2048 -1024 128 ) (2048 -1024 1536 ) (2048 0 1536 ) (2048 0 128 ) 
4 9 11 (3072 -1024 128 ) (3072 -1024 1536 ) (2048 -1024 1536 ) (2048 -1024 128 ) 
4 10 14 (4096 -2048 128 ) (4096 -2048 1536 ) (3072 -2048 1536 ) (3072 -2048 128 ) 
4 10 11 (3072 -1024 1536 ) (3072 -1024 128 ) (3072 -2048 128 ) (3072 -2048 1536 ) 
4 11 28 (2048 -2048 128 ) (2048 -2048 1536 ) (2048 -1024 1536 ) (2048 -1024 128 ) 
4 11 15 (3072 -2048 128 ) (3072 -2048 1536 ) (2048 -2048 1536 ) (2048 -2048 128 ) 
4 12 14 (4096 -2048 1536 ) (4096 -2048 128 ) (4096 -3072 128 ) (4096 -3072 1536 ) 
4 12 13 (5056 -3072 1536 ) (4096 -3072 1536 ) (4096 -3072 128 ) (5056 -3072 128 ) 
4 13 42 (5056 -4096 1536 ) (4096 -4096 1536 ) (4096 -4096 128 ) (5056 -4096 128 ) 
4 13 16 (4096 -4096 128 ) (4096 -4096 1536 ) (4096 -3072 1536 ) (4096 -3072 128 ) 
4 14 16 (4096 -3072 128 ) (4096 -3072 1536 ) (3072 -3072 1536 ) (3072 -3072 128 ) 
4 14 15 (3072 -2048 1536 ) (3072 -2048 128 ) (3072 -3072 128 ) (3072 -3072 1536 ) 
4 15 30 (2048 -3072 128 ) (2048 -3072 1536 ) (2048 -2048 1536 ) (2048 -2048 128 ) 
4 15 17 (3072 -3072 128 ) (3072 -3072 1536 ) (2048 -3072 1536 ) (2048 -3072 128 ) 
4 16 43 (4096 -4096 128 ) (4096 -4096 1536 ) (3072 -4096 1536 ) (3072 -4096 128 ) 
4 16 17 (3072 -3072 1536 ) (3072 -3072 128 ) (3072 -4096 128 ) (3072 -4096 1536 ) 
4 17 44 (3072 -4096 128 ) (3072 -4096 1536 ) (2048 -4096 1536 ) (2048 -4096 128 ) 
4 17 32 (2048 -4096 128 ) (2048 -4096 1536 ) (2048 -3072 1536 ) (2048 -3072 128 ) 
4 18 20 (2048 1024 128 ) (2048 1024 1536 ) (1024 1024 1536 ) (1024 1024 128 ) 
4 18 19 (1024 1472 128 ) (1024 1024 128 ) (1024 1024 1536 ) (1024 1472 1536 ) 
4 19 22 (0 1024 128 ) (0 1024 1536 ) (0 1472 1536 ) (0 1472 128 ) 
4 19 21 (0 1024 1536 ) (0 1024 128 ) (1024 1024 128 ) (1024 1024 1536 ) 
4 20 26 (2048 0 128 ) (2048 0 1536 ) (1024 0 1536 ) (1024 0 128 ) 
4 20 21 (1024 1024 1536 ) (1024 1024 128 ) (1024 0 128 ) (1024 0 1536 ) 
4 21 27 (1024 0 128 ) (1024 0 1536 ) (0 0 1536 ) (0 0 128 ) 
4 21 23 (0 0 128 ) (0 0 1536 ) (0 1024 1536 ) (0 1024 128 ) 
4 22 24 (-1024 1024 128 ) (-1024 1024 1536 ) (-1024 1472 1536 ) (-1024 1472 128 ) 
4 22 23 (0 1024 128 ) (0 1024 1536 ) (-1024 1024 1536 ) (-1024 1024 128 ) 
4 23 34 (0 0 128 ) (0 0 1536 ) (-1024 0 1536 ) (-1024 0 128 ) 
4 23 25 (-1024 0 128 ) (-1024 0 1536 ) (-1024 1024 1536 ) (-1024 1024 128 ) 
4 24 25 (-1024 1024 128 ) (-1024 1024 1536 ) (-1984 1024 1536 ) (-1984 1024 128 ) 
4 25 36 (-1024 0 128 ) (-1024 0 1536 ) (-1984 0 1536 ) (-1984 0 128 ) 
4 26 28 (2048 -1024 128 ) (2048 -1024 1536 ) (1024 -1024 1536 ) (1024 -1024 128 ) 
4 26 27 (1024 -1024 128 ) (1024 -1024 1536 ) (1024 0 1536 ) (1024 0 128 ) 
4 27 34 (0 0 1536 ) (0 0 128 ) (0 -1024 128 ) (0 -1024 1536 ) 
4 27 29 (0 -1024 1536 ) (0 -1024 128 ) (1024 -1024 128 ) (1024 -1024 1536 ) 
4 28 30 (2048 -2048 128 ) (2048 -2048 1536 ) (1024 -2048 1536 ) (1024 -2048 128 ) 
4 28 29 (1024 -1024 1536 ) (1024 -1024 128 ) (1024 -2048 128 ) (1024 -2048 1536 ) 
4 29 35 (0 -2048 128 ) (0 -2048 1536 ) (0 -1024 1536 ) (0 -1024 128 ) 
4 29 31 (1024 -2048 128 ) (1024 -2048 1536 ) (0 -2048 1536 ) (0 -2048 128 ) 
4 30 32 (2048 -3072 128 ) (2048 -3072 1536 ) (1024 -3072 1536 ) (1024 -3072 128 ) 
4 30 31 (1024 -3072 128 ) (1024 -3072 1536 ) (1024 -2048 1536 ) (1024 -2048 128 ) 
4 31 38 (0 -3072 128 ) (0 -3072 1536 ) (0 -2048 1536 ) (0 -2048 128 ) 
4 31 33 (0 -3072 1536 ) (0 -3072 128 ) (1024 -3072 128 ) (1024 -3072 1536 ) 
4 32 106 (2048 -4096 128 ) (2048 -4096 1536 ) (1024 -4096 1536 ) (1024 -4096 128 ) 
4 32 33 (1024 -3072 1536 ) (1024 -3072 128 ) (1024 -4096 128 ) (1024 -4096 1536 ) 
4 33 109 (960 -4096 704 ) (384 -4096 704 ) (384 -4096 128 ) (960 -4096 128 ) 
4 33 108 (1024 -4096 128 ) (1024 -4096 704 ) (960 -4096 704 ) (960 -4096 128 ) 
4 33 110 (384 -4096 704 ) (0 -4096 704 ) (0 -4096 128 ) (384 -4096 128 ) 
4 33 107 (1024 -4096 704 ) (1024 -4096 1536 ) (0 -4096 1536 ) (0 -4096 704 ) 
4 33 39 (0 -4096 128 ) (0 -4096 1536 ) (0 -3072 1536 ) (0 -3072 128 ) 
4 34 36 (-1024 0 1536 ) (-1024 0 128 ) (-1024 -1024 128 ) (-1024 -1024 1536 ) 
4 34 35 (0 -1024 128 ) (0 -1024 1536 ) (-1024 -1024 1536 ) (-1024 -1024 128 ) 
4 35 38 (0 -2048 128 ) (0 -2048 1536 ) (-1024 -2048 1536 ) (-1024 -2048 128 ) 
4 35 37 (-1024 -2048 128 ) (-1024 -2048 1536 ) (-1024 -1024 1536 ) (-1024 -1024 128 ) 
4 36 37 (-1024 -1024 128 ) (-1024 -1024 1536 ) (-1984 -1024 1536 ) (-1984 -1024 128 ) 
4 37 40 (-1024 -2048 128 ) (-1024 -2048 1536 ) (-1984 -2048 1536 ) (-1984 -2048 128 ) 
4 38 40 (-1024 -2048 1536 ) (-1024 -2048 128 ) (-1024 -3072 128 ) (-1024 -3072 1536 ) 
4 38 39 (0 -3072 128 ) (0 -3072 1536 ) (-1024 -3072 1536 ) (-1024 -3072 128 ) 
4 39 125 (0 -4096 128 ) (0 -4096 1536 ) (-1024 -4096 1536 ) (-1024 -4096 128 ) 
4 39 41 (-1024 -4096 128 ) (-1024 -4096 1536 ) (-1024 -3072 1536 ) (-1024 -3072 128 ) 
4 40 41 (-1024 -3072 128 ) (-1024 -3072 1536 ) (-1984 -3072 1536 ) (-1984 -3072 128 ) 
4 41 126 (-1024 -4096 128 ) (-1024 -4096 1536 ) (-1984 -4096 1536 ) (-1984 -4096 128 ) 
4 42 45 (5056 -5120 1536 ) (4096 -5120 1536 ) (4096 -5120 128 ) (5056 -5120 128 ) 
4 42 43 (4096 -4096 1536 ) (4096 -4096 128 ) (4096 -5120 128 ) (4096 -5120 1536 ) 
4 43 47 (4096 -5120 128 ) (4096 -5120 1536 ) (3072 -5120 1536 ) (3072 -5120 128 ) 
4 43 44 (3072 -5120 128 ) (3072 -5120 1536 ) (3072 -4096 1536 ) (3072 -4096 128 ) 
4 44 106 (2048 -4096 1536 ) (2048 -4096 128 ) (2048 -5120 128 ) (2048 -5120 1536 ) 
4 44 48 (3072 -5120 128 ) (3072 -5120 1536 ) (2048 -5120 1536 ) (2048 -5120 128 ) 
4 45 47 (4096 -5120 1536 ) (4096 -5120 128 ) (4096 -6144 128 ) (4096 -6144 1536 ) 
4 45 46 (5056 -6144 1536 ) (4096 -6144 1536 ) (4096 -6144 128 ) (5056 -6144 128 ) 
4 46 52 (4288 -7168 1536 ) (4096 -7168 1536 ) (4096 -7168 128 ) (4288 -7168 128 ) 
4 46 51 (5056 -7168 1536 ) (4288 -7168 1536 ) (4288 -7168 128 ) (5056 -7168 128 ) 
4 46 49 (4096 -7168 128 ) (4096 -7168 1536 ) (4096 -6144 1536 ) (4096 -6144 128 ) 
4 47 49 (4096 -6144 128 ) (4096 -6144 1536 ) (3072 -6144 1536 ) (3072 -6144 128 ) 
4 47 48 (3072 -5120 1536 ) (3072 -5120 128 ) (3072 -6144 128 ) (3072 -6144 1536 ) 
4 48 111 (2048 -6144 128 ) (2048 -6144 1536 ) (2048 -5120 1536 ) (2048 -5120 128 ) 
4 48 50 (3072 -6144 128 ) (3072 -6144 1536 ) (2048 -6144 1536 ) (2048 -6144 128 ) 
4 49 58 (3648 -7168 136 ) (3072 -7168 136 ) (3072 -7168 128 ) (3648 -7168 128 ) 
4 49 57 (4096 -7168 128 ) (4096 -7168 136 ) (3648 -7168 136 ) (3648 -7168 128 ) 
4 49 56 (4096 -7168 136 ) (4096 -7168 1536 ) (3072 -7168 1536 ) (3072 -7168 136 ) 
4 49 50 (3072 -6144 1536 ) (3072 -6144 128 ) (3072 -7168 128 ) (3072 -7168 1536 ) 
4 50 116 (2048 -7168 128 ) (2048 -7168 1536 ) (2048 -6144 1536 ) (2048 -6144 128 ) 
4 50 61 (2284 -7168 136 ) (2048 -7168 136 ) (2048 -7168 128 ) (2284 -7168 128 ) 
4 50 60 (3072 -7168 128 ) (3072 -7168 136 ) (2284 -7168 136 ) (2284 -7168 128 ) 
4 50 59 (3072 -7168 136 ) (3072 -7168 1536 ) (2048 -7168 1536 ) (2048 -7168 136 ) 
4 51 54 (5056 -8192 1536 ) (4288 -8192 1536 ) (4288 -8192 128 ) (5056 -8192 128 ) 
4 51 53 (4288 -8192 136 ) (4288 -8192 1536 ) (4288 -7614 1536 ) (4288 -7614 136 ) 
4 51 52 (4288 -7168 128 ) (4288 -7614 128 ) (4288 -7614 1536 ) (4288 -7168 1536 ) 
4 52 57 (4096 -7168 136 ) (4096 -7168 128 ) (4096 -7614 128 ) (4096 -7614 136 ) 
4 52 56 (4096 -7168 1536 ) (4096 -7168 136 ) (4096 -7614 136 ) (4096 -7614 1536 ) 
4 52 53 (4288 -7614 136 ) (4288 -7614 1536 ) (4096 -7614 1536 ) (4096 -7614 136 ) 
4 53 56 (4096 -8192 136 ) (4096 -8192 1536 ) (4096 -7614 1536 ) (4096 -7614 136 ) 
4 53 55 (4288 -8192 1536 ) (4096 -8192 1536 ) (4096 -8192 136 ) (4288 -8192 136 ) 
4 54 80 (4288 -9216 136 ) (4288 -9216 128 ) (5056 -9216 128 ) (5056 -9216 136 ) 
4 54 79 (5056 -9216 1536 ) (4288 -9216 1536 ) (4288 -9216 136 ) (5056 -9216 136 ) 
4 54 55 (4288 -9216 136 ) (4288 -9216 1536 ) (4288 -8192 1536 ) (4288 -8192 136 ) 
4 55 79 (4288 -9216 1536 ) (4096 -9216 1536 ) (4096 -9216 136 ) (4288 -9216 136 ) 
4 55 62 (4096 -9216 136 ) (4096 -9216 1536 ) (4096 -8192 1536 ) (4096 -8192 136 ) 
4 56 62 (4096 -8192 136 ) (4096 -8192 1536 ) (3072 -8192 1536 ) (3072 -8192 136 ) 
4 56 59 (3072 -7168 1536 ) (3072 -7168 136 ) (3072 -8192 136 ) (3072 -8192 1536 ) 
4 56 58 (3072 -8032 136 ) (3072 -7168 136 ) (3648 -7168 136 ) (3648 -8032 136 ) 
4 56 57 (3648 -7168 136 ) (4096 -7168 136 ) (4096 -7614 136 ) (3648 -7614 136 ) 
4 57 58 (3648 -7168 128 ) (3648 -7614 128 ) (3648 -7614 136 ) (3648 -7168 136 ) 
4 58 60 (3072 -7168 136 ) (3072 -7168 128 ) (3072 -8032 128 ) (3072 -8032 136 ) 
4 59 140 (2048 -8192 136 ) (2048 -8192 1536 ) (2048 -7168 1536 ) (2048 -7168 136 ) 
4 59 64 (3072 -8192 136 ) (3072 -8192 1536 ) (2048 -8192 1536 ) (2048 -8192 136 ) 
4 59 61 (2048 -8000 136 ) (2048 -7168 136 ) (2284 -7168 136 ) (2284 -8000 136 ) 
4 59 60 (2284 -7168 136 ) (3072 -7168 136 ) (3072 -8032 136 ) (2284 -8032 136 ) 
4 60 61 (2284 -7168 128 ) (2284 -8000 128 ) (2284 -8000 136 ) (2284 -7168 136 ) 
4 61 141 (2048 -8000 136 ) (2048 -7168 136 ) (2048 -7168 128 ) (2048 -8000 128 ) 
4 62 86 (4096 -9216 136 ) (4096 -9216 1536 ) (3072 -9216 1536 ) (3072 -9216 136 ) 
4 62 68 (3072 -8317 136 ) (3072 -9216 136 ) (3072 -9216 143.873016 ) (3072 -8317 143.873016 ) 
4 62 67 (3072 -9216 143.873016 ) (3072 -9216 1536 ) (3072 -8317 1536 ) (3072 -8317 143.873016 ) 
4 62 66 (3072 -8253 136 ) (3072 -8317 136 ) (3072 -8317 144 ) (3072 -8253 144 ) 
4 62 65 (3072 -8317 144 ) (3072 -8317 1536 ) (3072 -8253 1536 ) (3072 -8253 144 ) 
4 62 64 (3072 -8192 1536 ) (3072 -8192 136 ) (3072 -8253 136 ) (3072 -8253 1536 ) 
4 62 63 (3648 -9216 136 ) (3072 -9216 136 ) (3072 -8253 136 ) (3648 -8253 136 ) 
4 63 89 (3648 -9216 136 ) (3072 -9216 136 ) (3072 -9216 128 ) (3648 -9216 128 ) 
4 63 68 (3072 -8317 128 ) (3072 -9216 128 ) (3072 -9216 136 ) (3072 -8317 136 ) 
4 63 66 (3072 -8253 128 ) (3072 -8317 128 ) (3072 -8317 136 ) (3072 -8253 136 ) 
4 64 156 (2048 -8192 144 ) (2048 -8192 136 ) (2048 -8253 136 ) (2048 -8253 144 ) 
4 64 155 (2048 -8192 1536 ) (2048 -8192 144 ) (2048 -8253 144 ) (2048 -8253 1536 ) 
4 64 66 (3072 -8253 136 ) (3072 -8253 144 ) (2284 -8253 144 ) (2284 -8253 136 ) 
4 64 65 (3072 -8253 144 ) (3072 -8253 1536 ) (2048 -8253 1536 ) (2048 -8253 144 ) 
4 65 155 (2048 -8253 1536 ) (2048 -8253 144 ) (2048 -8317 144 ) (2048 -8317 1536 ) 
4 65 74 (2048 -8317 1536 ) (2048 -8317 144 ) (2219 -8317 144 ) (2219 -8317 1536 ) 
4 65 69 (2219 -8317 144 ) (2220 -8317 144 ) (2220 -8317 1536 ) (2219 -8317 1536 ) 
4 65 67 (2220 -8317 144 ) (3072 -8317 144 ) (3072 -8317 1536 ) (2220 -8317 1536 ) 
4 65 66 (3072 -8317 144 ) (2284 -8317 144 ) (2284 -8253 144 ) (3072 -8253 144 ) 
4 66 68 (2284 -8317 128 ) (3072 -8317 128 ) (3072 -8317 144 ) (2284 -8317 144 ) 
4 67 92 (3072 -9216 143.873016 ) (3072 -9216 1536 ) (2220 -9216 1536 ) (2220 -9216 143.873016 ) 
4 67 69 (2220 -8317 1536 ) (2220 -8317 143.873016 ) (2220 -9216 143.873016 ) (2220 -9216 1536 ) 
4 67 68 (3072 -9216 143.873016 ) (2284 -9216 143.873016 ) (2284 -8317 143.873016 ) (3072 -8317 143.873016 ) 
4 68 93 (3072 -9216 128 ) (3072 -9216 143.873016 ) (2284 -9216 143.873016 ) (2284 -9216 128 ) 
4 69 94 (2220 -9216 136.929001 ) (2220 -9216 1536 ) (2219 -9216 1536 ) (2219 -9216 136.929001 ) 
4 69 74 (2219 -9216 1536 ) (2219 -8317 1536 ) (2219 -8317 136.929001 ) (2219 -9216 136.929001 ) 
4 69 73 (2219 -9216 136.929001 ) (2219 -9179 136.929001 ) (2220 -9179 136.929001 ) (2220 -9216 136.929001 ) 
4 69 72 (2219 -9179 136.929001 ) (2219 -8905 136.929001 ) (2220 -8905 136.929001 ) (2220 -9179 136.929001 ) 
4 69 71 (2219 -8905 136.929001 ) (2219 -8600 136.929001 ) (2220 -8600 136.929001 ) (2220 -8905 136.929001 ) 
4 69 70 (2219 -8600 136.929001 ) (2219 -8317 136.929001 ) (2220 -8317 136.929001 ) (2220 -8600 136.929001 ) 
4 70 75 (2219 -8317 136.929001 ) (2219 -8317 136 ) (2219 -8600 136 ) (2219 -8600 136.929001 ) 
4 70 71 (2220 -8600 128 ) (2220 -8600 136.929001 ) (2219 -8600 136.929001 ) (2219 -8600 128 ) 
4 71 76 (2219 -8905 136 ) (2219 -8905 136.929001 ) (2219 -8600 136.929001 ) (2219 -8600 136 ) 
4 71 72 (2220 -8905 128 ) (2220 -8905 136.929001 ) (2219 -8905 136.929001 ) (2219 -8905 128 ) 
4 72 77 (2219 -9179 136 ) (2219 -9179 136.929001 ) (2219 -8905 136.929001 ) (2219 -8905 136 ) 
4 72 73 (2220 -9179 128 ) (2220 -9179 136.929001 ) (2219 -9179 136.929001 ) (2219 -9179 128 ) 
4 73 95 (2219 -9216 128 ) (2220 -9216 128 ) (2220 -9216 136.929001 ) (2219 -9216 136.929001 ) 
4 73 78 (2219 -9216 136 ) (2219 -9216 136.929001 ) (2219 -9179 136.929001 ) (2219 -9179 136 ) 
4 74 159 (2048 -9216 136.929001 ) (2048 -9216 1536 ) (2048 -8317 1536 ) (2048 -8317 136.929001 ) 
4 74 97 (2048 -9216 1536 ) (2048 -9216 136.929001 ) (2219 -9216 136.929001 ) (2219 -9216 1536 ) 
4 74 78 (2048 -9216 136.929001 ) (2048 -9179 136.929001 ) (2219 -9179 136.929001 ) (2219 -9216 136.929001 ) 
4 74 77 (2048 -9179 136.929001 ) (2048 -8905 136.929001 ) (2219 -8905 136.929001 ) (2219 -9179 136.929001 ) 
4 74 76 (2048 -8905 136.929001 ) (2048 -8600 136.929001 ) (2219 -8600 136.929001 ) (2219 -8905 136.929001 ) 
4 74 75 (2048 -8600 136.929001 ) (2048 -8317 136.929001 ) (2219 -8317 136.929001 ) (2219 -8600 136.929001 ) 
4 75 160 (2048 -8600 136.929001 ) (2048 -8317 136.929001 ) (2048 -8317 136 ) (2048 -8600 136 ) 
4 75 76 (2048 -8600 136 ) (2219 -8600 136 ) (2219 -8600 136.929001 ) (2048 -8600 136.929001 ) 
4 76 161 (2048 -8905 136.929001 ) (2048 -8600 136.929001 ) (2048 -8600 136 ) (2048 -8905 136 ) 
4 76 77 (2048 -8905 136 ) (2219 -8905 136 ) (2219 -8905 136.929001 ) (2048 -8905 136.929001 ) 
4 77 163 (2048 -9179 136.929001 ) (2048 -9149 136.929001 ) (2048 -9149 136 ) (2048 -9179 136 ) 
4 77 162 (2048 -9149 136.929001 ) (2048 -8905 136.929001 ) (2048 -8905 136 ) (2048 -9149 136 ) 
4 77 78 (2048 -9179 136 ) (2219 -9179 136 ) (2219 -9179 136.929001 ) (2048 -9179 136.929001 ) 
4 78 163 (2048 -9216 136 ) (2048 -9216 136.929001 ) (2048 -9179 136.929001 ) (2048 -9179 136 ) 
4 78 98 (2048 -9216 136.929001 ) (2048 -9216 136 ) (2219 -9216 136 ) (2219 -9216 136.929001 ) 
4 79 86 (4096 -9216 1536 ) (4096 -9216 136 ) (4096 -9792 136 ) (4096 -9792 1536 ) 
4 79 82 (4288 -9792 1536 ) (4096 -9792 1536 ) (4096 -9792 136 ) (4288 -9792 136 ) 
4 79 81 (5056 -9792 136 ) (5056 -9792 1536 ) (4288 -9792 1536 ) (4288 -9792 136 ) 
4 79 80 (5056 -9792 136 ) (4288 -9792 136 ) (4288 -9216 136 ) (5056 -9216 136 ) 
4 80 81 (4288 -9792 128 ) (5056 -9792 128 ) (5056 -9792 136 ) (4288 -9792 136 ) 
4 81 83 (4288 -10013 128 ) (5056 -10013 128 ) (5056 -10013 1536 ) (4288 -10013 1536 ) 
4 81 82 (4288 -10013 136 ) (4288 -10013 1536 ) (4288 -9792 1536 ) (4288 -9792 136 ) 
4 82 86 (4096 -10013 136 ) (4096 -10013 1536 ) (4096 -9792 1536 ) (4096 -9792 136 ) 
4 82 83 (4288 -10013 136 ) (4288 -10013 1536 ) (4096 -10013 1536 ) (4096 -10013 136 ) 
4 83 90 (4096 -10013 128 ) (4096 -10064 128 ) (4096 -10064 136 ) (4096 -10013 136 ) 
4 83 86 (4096 -10064 136 ) (4096 -10064 1536 ) (4096 -10013 1536 ) (4096 -10013 136 ) 
4 83 85 (4096 -10064 128 ) (5056 -10064 128 ) (5056 -10064 628 ) (4096 -10064 628 ) 
4 83 84 (5056 -10064 628 ) (5056 -10064 1536 ) (4096 -10064 1536 ) (4096 -10064 628 ) 
4 84 87 (4096 -10112 628 ) (4096 -10112 1536 ) (4096 -10064 1536 ) (4096 -10064 628 ) 
4 84 85 (4096 -10064 628 ) (5056 -10064 628 ) (5056 -10112 628 ) (4096 -10112 628 ) 
4 85 91 (4096 -10064 128 ) (4096 -10112 128 ) (4096 -10112 136 ) (4096 -10064 136 ) 
4 85 88 (4096 -10112 136 ) (4096 -10112 628 ) (4096 -10064 628 ) (4096 -10064 136 ) 
4 86 103 (3072 -10013 136 ) (3072 -10064 136 ) (3072 -10064 1536 ) (3072 -10013 1536 ) 
4 86 102 (3072 -9792 136 ) (3072 -10013 136 ) (3072 -10013 1536 ) (3072 -9792 1536 ) 
4 86 101 (3072 -9728 136 ) (3072 -9792 136 ) (3072 -9792 144 ) (3072 -9728 144 ) 
4 86 100 (3072 -9792 144 ) (3072 -9792 1536 ) (3072 -9728 1536 ) (3072 -9728 144 ) 
4 86 93 (3072 -9216 143.873016 ) (3072 -9216 136 ) (3072 -9728 136 ) (3072 -9728 143.873016 ) 
4 86 92 (3072 -9216 1536 ) (3072 -9216 143.873016 ) (3072 -9728 143.873016 ) (3072 -9728 1536 ) 
4 86 90 (3072 -10064 136 ) (3072 -10013 136 ) (4096 -10013 136 ) (4096 -10064 136 ) 
4 86 89 (3072 -9792 136 ) (3072 -9216 136 ) (3648 -9216 136 ) (3648 -9792 136 ) 
4 86 88 (3072 -10064 136 ) (4096 -10064 136 ) (4096 -10064 628 ) (3072 -10064 628 ) 
4 86 87 (4096 -10064 628 ) (4096 -10064 1536 ) (3072 -10064 1536 ) (3072 -10064 628 ) 
4 87 104 (3072 -10112 628 ) (3072 -10112 1536 ) (3072 -10064 1536 ) (3072 -10064 628 ) 
4 87 88 (4096 -10112 628 ) (3072 -10112 628 ) (3072 -10064 628 ) (4096 -10064 628 ) 
4 88 105 (3072 -10064 136 ) (3072 -10112 136 ) (3072 -10112 628 ) (3072 -10064 628 ) 
4 88 91 (4096 -10112 136 ) (3072 -10112 136 ) (3072 -10064 136 ) (4096 -10064 136 ) 
4 89 101 (3072 -9728 128 ) (3072 -9792 128 ) (3072 -9792 136 ) (3072 -9728 136 ) 
4 89 93 (3072 -9216 136 ) (3072 -9216 128 ) (3072 -9728 128 ) (3072 -9728 136 ) 
4 90 103 (3072 -10013 128 ) (3072 -10064 128 ) (3072 -10064 136 ) (3072 -10013 136 ) 
4 90 91 (3072 -10064 128 ) (4096 -10064 128 ) (4096 -10064 136 ) (3072 -10064 136 ) 
4 91 105 (3072 -10064 128 ) (3072 -10112 128 ) (3072 -10112 136 ) (3072 -10064 136 ) 
4 92 100 (3072 -9728 143.873016 ) (3072 -9728 1536 ) (2220 -9728 1536 ) (2220 -9728 143.873016 ) 
4 92 94 (2220 -9728 143.873016 ) (2220 -9728 1536 ) (2220 -9216 1536 ) (2220 -9216 143.873016 ) 
4 92 93 (3072 -9728 143.873016 ) (2284 -9728 143.873016 ) (2284 -9216 143.873016 ) (3072 -9216 143.873016 ) 
4 93 101 (2284 -9728 128 ) (3072 -9728 128 ) (3072 -9728 143.873016 ) (2284 -9728 143.873016 ) 
4 94 100 (2220 -9728 144 ) (2220 -9728 1536 ) (2219 -9728 1536 ) (2219 -9728 144 ) 
4 94 97 (2219 -9728 136.929001 ) (2219 -9728 1536 ) (2219 -9216 1536 ) (2219 -9216 136.929001 ) 
4 94 96 (2219 -9728 136.929001 ) (2219 -9454 136.929001 ) (2220 -9454 136.929001 ) (2220 -9728 136.929001 ) 
4 94 95 (2219 -9454 136.929001 ) (2219 -9216 136.929001 ) (2220 -9216 136.929001 ) (2220 -9454 136.929001 ) 
4 95 98 (2219 -9454 136 ) (2219 -9454 136.929001 ) (2219 -9216 136.929001 ) (2219 -9216 136 ) 
4 95 96 (2220 -9454 128 ) (2220 -9454 136.929001 ) (2219 -9454 136.929001 ) (2219 -9454 128 ) 
4 96 99 (2219 -9728 136 ) (2219 -9728 136.929001 ) (2219 -9454 136.929001 ) (2219 -9454 136 ) 
4 97 184 (2048 -9216 144 ) (2048 -9216 136.929001 ) (2048 -9728 136.929001 ) (2048 -9728 144 ) 
4 97 183 (2048 -9216 1536 ) (2048 -9216 144 ) (2048 -9728 144 ) (2048 -9728 1536 ) 
4 97 100 (2048 -9728 1536 ) (2048 -9728 144 ) (2219 -9728 144 ) (2219 -9728 1536 ) 
4 97 99 (2219 -9454 136.929001 ) (2219 -9728 136.929001 ) (2048 -9728 136.929001 ) (2048 -9454 136.929001 ) 
4 97 98 (2048 -9216 136.929001 ) (2219 -9216 136.929001 ) (2219 -9454 136.929001 ) (2048 -9454 136.929001 ) 
4 98 185 (2048 -9216 136.929001 ) (2048 -9216 136 ) (2048 -9454 136 ) (2048 -9454 136.929001 ) 
4 98 99 (2048 -9454 136 ) (2219 -9454 136 ) (2219 -9454 136.929001 ) (2048 -9454 136.929001 ) 
4 99 186 (2048 -9454 136 ) (2048 -9728 136 ) (2048 -9728 136.929001 ) (2048 -9454 136.929001 ) 
4 100 192 (2048 -9728 1536 ) (2048 -9728 144 ) (2048 -9792 144 ) (2048 -9792 1536 ) 
4 100 102 (2048 -9792 1536 ) (2048 -9792 144 ) (3072 -9792 144 ) (3072 -9792 1536 ) 
4 100 101 (3072 -9792 144 ) (2284 -9792 144 ) (2284 -9728 144 ) (3072 -9728 144 ) 
4 101 102 (3072 -9792 136 ) (3072 -9792 144 ) (2284 -9792 144 ) (2284 -9792 136 ) 
4 102 193 (2048 -9792 1536 ) (2048 -9792 136 ) (2048 -10013 136 ) (2048 -10013 1536 ) 
4 102 103 (3072 -10013 136 ) (3072 -10013 1536 ) (2048 -10013 1536 ) (2048 -10013 136 ) 
4 103 194 (2048 -10013 128 ) (2048 -10064 128 ) (2048 -10064 1536 ) (2048 -10013 1536 ) 
4 103 105 (2048 -10064 128 ) (3072 -10064 128 ) (3072 -10064 628 ) (2048 -10064 628 ) 
4 103 104 (3072 -10064 628 ) (3072 -10064 1536 ) (2048 -10064 1536 ) (2048 -10064 628 ) 
4 104 195 (2048 -10112 628 ) (2048 -10112 1536 ) (2048 -10064 1536 ) (2048 -10064 628 ) 
4 104 105 (3072 -10112 628 ) (2048 -10112 628 ) (2048 -10064 628 ) (3072 -10064 628 ) 
4 105 196 (2048 -10064 128 ) (2048 -10112 128 ) (2048 -10112 628 ) (2048 -10064 628 ) 
4 106 111 (2048 -5120 128 ) (2048 -5120 1536 ) (1024 -5120 1536 ) (1024 -5120 128 ) 
4 106 108 (1024 -4096 704 ) (1024 -4096 128 ) (1024 -5120 128 ) (1024 -5120 704 ) 
4 106 107 (1024 -4096 1536 ) (1024 -4096 704 ) (1024 -5120 704 ) (1024 -5120 1536 ) 
4 107 125 (0 -4096 1536 ) (0 -4096 704 ) (0 -5120 704 ) (0 -5120 1536 ) 
4 107 112 (1024 -5120 704 ) (1024 -5120 1536 ) (0 -5120 1536 ) (0 -5120 704 ) 
4 107 109 (384 -4140 704 ) (384 -4096 704 ) (960 -4096 704 ) (960 -4140 704 ) 
4 107 108 (1024 -5120 704 ) (960 -5120 704 ) (960 -4096 704 ) (1024 -4096 704 ) 
4 107 110 (384 -5120 704 ) (0 -5120 704 ) (0 -4096 704 ) (384 -4096 704 ) 
4 108 113 (1024 -5120 128 ) (1024 -5120 704 ) (960 -5120 704 ) (960 -5120 128 ) 
4 108 109 (960 -4096 128 ) (960 -4140 128 ) (960 -4140 704 ) (960 -4096 704 ) 
4 109 110 (384 -4096 128 ) (384 -4140 128 ) (384 -4140 704 ) (384 -4096 704 ) 
4 110 125 (0 -4096 704 ) (0 -4096 128 ) (0 -5120 128 ) (0 -5120 704 ) 
4 110 115 (384 -5120 704 ) (0 -5120 704 ) (0 -5120 128 ) (384 -5120 128 ) 
4 111 116 (2048 -6144 128 ) (2048 -6144 1536 ) (1024 -6144 1536 ) (1024 -6144 128 ) 
4 111 113 (1024 -6144 128 ) (1024 -6144 704 ) (1024 -5120 704 ) (1024 -5120 128 ) 
4 111 112 (1024 -6144 704 ) (1024 -6144 1536 ) (1024 -5120 1536 ) (1024 -5120 704 ) 
4 112 127 (0 -6144 704 ) (0 -6144 1536 ) (0 -5120 1536 ) (0 -5120 704 ) 
4 112 118 (384 -6144 704 ) (960 -6144 704 ) (960 -6144 1536 ) (384 -6144 1536 ) 
4 112 117 (960 -6144 704 ) (1024 -6144 704 ) (1024 -6144 1536 ) (960 -6144 1536 ) 
4 112 121 (0 -6144 1536 ) (0 -6144 704 ) (384 -6144 704 ) (384 -6144 1536 ) 
4 112 114 (960 -6144 704 ) (384 -6144 704 ) (384 -6016 704 ) (960 -6016 704 ) 
4 112 113 (1024 -6144 704 ) (960 -6144 704 ) (960 -5120 704 ) (1024 -5120 704 ) 
4 112 115 (384 -6144 704 ) (0 -6144 704 ) (0 -5120 704 ) (384 -5120 704 ) 
4 113 117 (960 -6144 128 ) (1024 -6144 128 ) (1024 -6144 704 ) (960 -6144 704 ) 
4 113 114 (960 -6016 128 ) (960 -6144 128 ) (960 -6144 704 ) (960 -6016 704 ) 
4 114 118 (384 -6144 128 ) (960 -6144 128 ) (960 -6144 704 ) (384 -6144 704 ) 
4 114 115 (384 -6016 128 ) (384 -6144 128 ) (384 -6144 704 ) (384 -6016 704 ) 
4 115 129 (0 -6144 128 ) (0 -6144 136.087997 ) (0 -5854 136.087997 ) (0 -5854 128 ) 
4 115 128 (0 -5854 136.087997 ) (0 -5120 136.087997 ) (0 -5120 128 ) (0 -5854 128 ) 
4 115 127 (0 -6144 136.087997 ) (0 -6144 704 ) (0 -5120 704 ) (0 -5120 136.087997 ) 
4 115 121 (0 -6144 704 ) (0 -6144 128 ) (384 -6144 128 ) (384 -6144 704 ) 
4 116 141 (2048 -7168 128 ) (2048 -7168 136 ) (1024 -7168 136 ) (1024 -7168 128 ) 
4 116 140 (2048 -7168 136 ) (2048 -7168 1536 ) (1024 -7168 1536 ) (1024 -7168 136 ) 
4 116 122 (1024 -7040 128 ) (1024 -7168 128 ) (1024 -7168 1536 ) (1024 -7040 1536 ) 
4 116 117 (1024 -6144 1536 ) (1024 -6144 128 ) (1024 -7040 128 ) (1024 -7040 1536 ) 
4 117 122 (960 -7040 128 ) (1024 -7040 128 ) (1024 -7040 1536 ) (960 -7040 1536 ) 
4 117 119 (960 -7040 704 ) (960 -7040 1536 ) (960 -6400 1536 ) (960 -6400 704 ) 
4 117 120 (960 -6400 128 ) (960 -7040 128 ) (960 -7040 128.233002 ) (960 -6400 128.233002 ) 
4 117 118 (960 -6144 128 ) (960 -6400 128 ) (960 -6400 1536 ) (960 -6144 1536 ) 
4 118 119 (384 -6400 1536 ) (384 -6400 704 ) (960 -6400 704 ) (960 -6400 1536 ) 
4 118 120 (384 -6400 128.233002 ) (384 -6400 128 ) (960 -6400 128 ) (960 -6400 128.233002 ) 
4 118 121 (384 -6144 128 ) (384 -6400 128 ) (384 -6400 1536 ) (384 -6144 1536 ) 
4 119 123 (896 -7040 1536 ) (384 -7040 1536 ) (384 -7040 812 ) (896 -7040 812 ) 
4 119 122 (960 -7040 704 ) (960 -7040 1536 ) (896 -7040 1536 ) (896 -7040 704 ) 
4 119 121 (384 -7040 704 ) (384 -7040 1536 ) (384 -6400 1536 ) (384 -6400 704 ) 
4 120 122 (896 -7040 128 ) (960 -7040 128 ) (960 -7040 128.233002 ) (896 -7040 128.233002 ) 
4 120 121 (384 -6400 128 ) (384 -7040 128 ) (384 -7040 128.233002 ) (384 -6400 128.233002 ) 
4 121 131 (0 -6144 136.087997 ) (0 -6144 128 ) (0 -7040 128 ) (0 -7040 136.087997 ) 
4 121 130 (0 -6144 1536 ) (0 -6144 136.087997 ) (0 -7040 136.087997 ) (0 -7040 1536 ) 
4 121 123 (384 -7040 812 ) (384 -7040 1536 ) (318 -7040 1536 ) (318 -7040 812 ) 
4 121 124 (0 -7040 128 ) (318 -7040 128 ) (318 -7040 1536 ) (0 -7040 1536 ) 
4 122 143 (1024 -7168 128 ) (1024 -7168 812 ) (896 -7168 812 ) (896 -7168 128 ) 
4 122 142 (1024 -7168 812 ) (1024 -7168 1536 ) (896 -7168 1536 ) (896 -7168 812 ) 
4 122 123 (896 -7168 1536 ) (896 -7040 1536 ) (896 -7040 812 ) (896 -7168 812 ) 
4 123 142 (896 -7168 1536 ) (318 -7168 1536 ) (318 -7168 812 ) (896 -7168 812 ) 
4 123 124 (318 -7168 1536 ) (318 -7040 1536 ) (318 -7040 812 ) (318 -7168 812 ) 
4 124 144 (0 -7168 812 ) (0 -7168 128 ) (318 -7168 128 ) (318 -7168 812 ) 
4 124 142 (318 -7168 1536 ) (0 -7168 1536 ) (0 -7168 812 ) (318 -7168 812 ) 
4 124 131 (0 -7168 128 ) (0 -7168 136.087997 ) (0 -7040 136.087997 ) (0 -7040 128 ) 
4 124 130 (0 -7168 136.087997 ) (0 -7168 1536 ) (0 -7040 1536 ) (0 -7040 136.087997 ) 
4 125 128 (0 -5120 128 ) (0 -5120 136.087997 ) (-1024 -5120 136.087997 ) (-1024 -5120 128 ) 
4 125 127 (0 -5120 136.087997 ) (0 -5120 1536 ) (-1024 -5120 1536 ) (-1024 -5120 136.087997 ) 
4 125 126 (-1024 -4096 1536 ) (-1024 -4096 128 ) (-1024 -5120 128 ) (-1024 -5120 1536 ) 
4 126 136 (-1421 -5120 1536 ) (-1984 -5120 1536 ) (-1984 -5120 128 ) (-1421 -5120 128 ) 
4 126 134 (-1199 -5120 1536 ) (-1421 -5120 1536 ) (-1421 -5120 128 ) (-1199 -5120 128 ) 
4 126 132 (-1024 -5120 128 ) (-1024 -5120 1536 ) (-1199 -5120 1536 ) (-1199 -5120 128 ) 
4 127 133 (-1024 -5854 136.087997 ) (-1024 -6144 136.087997 ) (-1024 -6144 1536 ) (-1024 -5854 1536 ) 
4 127 132 (-1024 -5120 1536 ) (-1024 -5120 136.087997 ) (-1024 -5854 136.087997 ) (-1024 -5854 1536 ) 
4 127 130 (0 -6144 136.087997 ) (0 -6144 1536 ) (-1024 -6144 1536 ) (-1024 -6144 136.087997 ) 
4 127 129 (0 -6144 136.087997 ) (-192 -6144 136.087997 ) (-192 -5854 136.087997 ) (0 -5854 136.087997 ) 
4 127 128 (-1024 -5854 136.087997 ) (-1024 -5120 136.087997 ) (0 -5120 136.087997 ) (0 -5854 136.087997 ) 
4 128 132 (-1024 -5120 136.087997 ) (-1024 -5120 128 ) (-1024 -5854 128 ) (-1024 -5854 136.087997 ) 
4 128 129 (-192 -5854 128 ) (0 -5854 128 ) (0 -5854 136.087997 ) (-192 -5854 136.087997 ) 
4 129 131 (0 -6144 128 ) (0 -6144 136.087997 ) (-192 -6144 136.087997 ) (-192 -6144 128 ) 
4 130 208 (0 -7168 136.087997 ) (0 -7168 1536 ) (-1024 -7168 1536 ) (-1024 -7168 136.087997 ) 
4 130 137 (-1024 -7168 136.087997 ) (-1024 -7168 1536 ) (-1024 -6144 1536 ) (-1024 -6144 136.087997 ) 
4 130 131 (0 -6144 136.087997 ) (0 -7168 136.087997 ) (-192 -7168 136.087997 ) (-192 -6144 136.087997 ) 
4 131 209 (0 -7168 128 ) (0 -7168 136.087997 ) (-192 -7168 136.087997 ) (-192 -7168 128 ) 
4 132 134 (-1199 -5120 128 ) (-1199 -5854 128 ) (-1199 -5854 1536 ) (-1199 -5120 1536 ) 
4 132 133 (-1199 -5854 1536 ) (-1199 -5854 136.087997 ) (-1024 -5854 136.087997 ) (-1024 -5854 1536 ) 
4 133 137 (-1024 -6144 136.087997 ) (-1024 -6144 1536 ) (-1199 -6144 1536 ) (-1199 -6144 136.087997 ) 
4 133 135 (-1199 -6144 136.087997 ) (-1199 -6144 1536 ) (-1199 -5854 1536 ) (-1199 -5854 136.087997 ) 
4 134 136 (-1421 -5120 128 ) (-1421 -5854 128 ) (-1421 -5854 1536 ) (-1421 -5120 1536 ) 
4 134 135 (-1421 -5854 1536 ) (-1421 -5854 136 ) (-1199 -5854 136 ) (-1199 -5854 1536 ) 
4 135 138 (-1199 -6144 1536 ) (-1421 -6144 1536 ) (-1421 -6144 136 ) (-1199 -6144 136 ) 
4 135 136 (-1421 -6144 136 ) (-1421 -6144 1536 ) (-1421 -5854 1536 ) (-1421 -5854 136 ) 
4 136 139 (-1421 -6144 1536 ) (-1984 -6144 1536 ) (-1984 -6144 128 ) (-1421 -6144 128 ) 
4 137 222 (-1024 -7168 136.087997 ) (-1024 -7168 1536 ) (-1199 -7168 1536 ) (-1199 -7168 136.087997 ) 
4 137 138 (-1199 -7168 136.087997 ) (-1199 -7168 1536 ) (-1199 -6144 1536 ) (-1199 -6144 136.087997 ) 
4 138 224 (-1199 -7168 1536 ) (-1421 -7168 1536 ) (-1421 -7168 136 ) (-1199 -7168 136 ) 
4 138 139 (-1421 -7168 136 ) (-1421 -7168 1536 ) (-1421 -6144 1536 ) (-1421 -6144 136 ) 
4 139 225 (-1421 -7168 1536 ) (-1984 -7168 1536 ) (-1984 -7168 128 ) (-1421 -7168 128 ) 
4 140 156 (2048 -8192 136 ) (2048 -8192 144 ) (1024 -8192 144 ) (1024 -8192 136 ) 
4 140 155 (2048 -8192 144 ) (2048 -8192 1536 ) (1024 -8192 1536 ) (1024 -8192 144 ) 
4 140 154 (1024 -8192 136 ) (1024 -8192 1536 ) (1024 -8000 1536 ) (1024 -8000 136 ) 
4 140 145 (1024 -8000 1536 ) (1024 -7360 1536 ) (1024 -7360 136 ) (1024 -8000 136 ) 
4 140 143 (1024 -7168 812 ) (1024 -7168 136 ) (1024 -7360 136 ) (1024 -7360 812 ) 
4 140 142 (1024 -7360 1536 ) (1024 -7168 1536 ) (1024 -7168 812 ) (1024 -7360 812 ) 
4 140 141 (1024 -8000 136 ) (1024 -7168 136 ) (2048 -7168 136 ) (2048 -8000 136 ) 
4 141 145 (1024 -8000 136 ) (1024 -7360 136 ) (1024 -7360 128 ) (1024 -8000 128 ) 
4 141 143 (1024 -7360 136 ) (1024 -7168 136 ) (1024 -7168 128 ) (1024 -7360 128 ) 
4 142 208 (0 -7168 1536 ) (0 -7168 812 ) (0 -7360 812 ) (0 -7360 1536 ) 
4 142 147 (0 -7360 1536 ) (0 -7360 812 ) (384 -7360 812 ) (384 -7360 1536 ) 
4 142 146 (384 -7360 812 ) (960 -7360 812 ) (960 -7360 1536 ) (384 -7360 1536 ) 
4 142 145 (960 -7360 812 ) (1024 -7360 812 ) (1024 -7360 1536 ) (960 -7360 1536 ) 
4 142 143 (1024 -7360 812 ) (896 -7360 812 ) (896 -7168 812 ) (1024 -7168 812 ) 
4 142 144 (318 -7360 812 ) (0 -7360 812 ) (0 -7168 812 ) (318 -7168 812 ) 
4 143 146 (960 -7360 704 ) (960 -7360 812 ) (896 -7360 812 ) (896 -7360 704 ) 
4 143 145 (960 -7360 128 ) (1024 -7360 128 ) (1024 -7360 812 ) (960 -7360 812 ) 
4 144 209 (0 -7168 136.087997 ) (0 -7168 128 ) (0 -7360 128 ) (0 -7360 136.087997 ) 
4 144 208 (0 -7168 812 ) (0 -7168 136.087997 ) (0 -7360 136.087997 ) (0 -7360 812 ) 
4 144 153 (0 -7360 136 ) (0 -7360 128 ) (318 -7360 128 ) (318 -7360 136 ) 
4 144 149 (32 -7360 136 ) (34 -7360 136 ) (34 -7360 238 ) (32 -7360 238 ) 
4 144 148 (34 -7360 136 ) (318 -7360 136 ) (318 -7360 238 ) (34 -7360 238 ) 
4 144 152 (0 -7360 238 ) (0 -7360 136 ) (32 -7360 136 ) (32 -7360 238 ) 
4 144 147 (0 -7360 812 ) (0 -7360 238 ) (318 -7360 238 ) (318 -7360 812 ) 
4 145 154 (1024 -8000 136 ) (1024 -8000 1536 ) (960 -8000 1536 ) (960 -8000 136 ) 
4 145 146 (960 -8000 704 ) (960 -8000 1536 ) (960 -7360 1536 ) (960 -7360 704 ) 
4 146 154 (960 -8000 704 ) (960 -8000 1536 ) (384 -8000 1536 ) (384 -8000 704 ) 
4 146 147 (384 -7360 1536 ) (384 -7360 704 ) (384 -8000 704 ) (384 -8000 1536 ) 
4 147 208 (0 -8000 238 ) (0 -8000 1536 ) (0 -7360 1536 ) (0 -7360 238 ) 
4 147 154 (384 -8000 238 ) (384 -8000 1536 ) (0 -8000 1536 ) (0 -8000 238 ) 
4 147 150 (34 -7787 238 ) (34 -7891 238 ) (32 -7891 238 ) (32 -7787 238 ) 
4 147 151 (34 -7934 238 ) (34 -8000 238 ) (32 -8000 238 ) (32 -7934 238 ) 
4 147 149 (32 -7360 238 ) (34 -7360 238 ) (34 -7744 238 ) (32 -7744 238 ) 
4 147 148 (34 -7360 238 ) (384 -7360 238 ) (384 -8000 238 ) (34 -8000 238 ) 
4 147 152 (0 -7360 238 ) (32 -7360 238 ) (32 -8000 238 ) (0 -8000 238 ) 
4 148 154 (384 -8000 136 ) (384 -8000 238 ) (34 -8000 238 ) (34 -8000 136 ) 
4 148 153 (34 -7360 136 ) (384 -7360 136 ) (384 -7680 136 ) (34 -7680 136 ) 
4 148 150 (34 -7787 136 ) (34 -7891 136 ) (34 -7891 238 ) (34 -7787 238 ) 
4 148 151 (34 -7934 136 ) (34 -8000 136 ) (34 -8000 238 ) (34 -7934 238 ) 
4 148 149 (34 -7360 136 ) (34 -7744 136 ) (34 -7744 238 ) (34 -7360 238 ) 
4 149 153 (32 -7360 136 ) (34 -7360 136 ) (34 -7680 136 ) (32 -7680 136 ) 
4 149 152 (32 -7360 136 ) (32 -7744 136 ) (32 -7744 238 ) (32 -7360 238 ) 
4 150 152 (32 -7787 136 ) (32 -7891 136 ) (32 -7891 238 ) (32 -7787 238 ) 
4 151 154 (34 -8000 238 ) (32 -8000 238 ) (32 -8000 136 ) (34 -8000 136 ) 
4 151 152 (32 -7934 136 ) (32 -8000 136 ) (32 -8000 238 ) (32 -7934 238 ) 
4 152 208 (0 -8000 136 ) (0 -8000 238 ) (0 -7360 238 ) (0 -7360 136 ) 
4 152 154 (32 -8000 238 ) (0 -8000 238 ) (0 -8000 136 ) (32 -8000 136 ) 
4 152 153 (0 -7360 136 ) (32 -7360 136 ) (32 -7680 136 ) (0 -7680 136 ) 
4 153 209 (0 -7360 128 ) (0 -7680 128 ) (0 -7680 136 ) (0 -7360 136 ) 
4 154 210 (0 -8192 136 ) (0 -8192 1536 ) (0 -8032 1536 ) (0 -8032 136 ) 
4 154 208 (0 -8032 1536 ) (0 -8000 1536 ) (0 -8000 136 ) (0 -8032 136 ) 
4 154 182 (0 -8192 1536 ) (0 -8192 136 ) (132 -8192 136 ) (132 -8192 1536 ) 
4 154 173 (132 -8192 136 ) (644 -8192 136 ) (644 -8192 1536 ) (132 -8192 1536 ) 
4 154 172 (644 -8192 136 ) (1024 -8192 136 ) (1024 -8192 1536 ) (644 -8192 1536 ) 
4 155 172 (1024 -8192 1536 ) (1024 -8192 144 ) (1024 -8317 144 ) (1024 -8317 1536 ) 
4 155 166 (1064 -8317 144 ) (1288 -8317 144 ) (1288 -8317 1536 ) (1064 -8317 1536 ) 
4 155 171 (1024 -8317 1536 ) (1024 -8317 144 ) (1064 -8317 144 ) (1064 -8317 1536 ) 
4 155 165 (1288 -8317 144 ) (1352 -8317 144 ) (1352 -8317 1536 ) (1288 -8317 1536 ) 
4 155 159 (1996 -8317 144 ) (2048 -8317 144 ) (2048 -8317 1536 ) (1996 -8317 1536 ) 
4 155 164 (1352 -8317 144 ) (1996 -8317 144 ) (1996 -8317 1536 ) (1352 -8317 1536 ) 
4 155 158 (1064 -8317 144 ) (1024 -8317 144 ) (1024 -8253 144 ) (1064 -8253 144 ) 
4 155 157 (1996 -8317 144 ) (1576 -8317 144 ) (1576 -8253 144 ) (1996 -8253 144 ) 
4 155 156 (1024 -8253 144 ) (1024 -8192 144 ) (2048 -8192 144 ) (2048 -8253 144 ) 
4 156 172 (1024 -8192 144 ) (1024 -8192 136 ) (1024 -8253 136 ) (1024 -8253 144 ) 
4 156 158 (1024 -8253 136 ) (1064 -8253 136 ) (1064 -8253 144 ) (1024 -8253 144 ) 
4 156 157 (1576 -8253 136 ) (1996 -8253 136 ) (1996 -8253 144 ) (1576 -8253 144 ) 
4 157 164 (1576 -8317 136 ) (1996 -8317 136 ) (1996 -8317 144 ) (1576 -8317 144 ) 
4 158 172 (1024 -8253 136 ) (1024 -8317 136 ) (1024 -8317 144 ) (1024 -8253 144 ) 
4 158 171 (1024 -8317 144 ) (1024 -8317 136 ) (1064 -8317 136 ) (1064 -8317 144 ) 
4 159 184 (2048 -9216 136.929001 ) (2048 -9216 144 ) (1996 -9216 144 ) (1996 -9216 136.929001 ) 
4 159 183 (2048 -9216 144 ) (2048 -9216 1536 ) (1996 -9216 1536 ) (1996 -9216 144 ) 
4 159 163 (1996 -9216 136.929001 ) (1996 -9149 136.929001 ) (2048 -9149 136.929001 ) (2048 -9216 136.929001 ) 
4 159 162 (1996 -9149 136.929001 ) (1996 -8905 136.929001 ) (2048 -8905 136.929001 ) (2048 -9149 136.929001 ) 
4 159 161 (1996 -8905 136.929001 ) (1996 -8600 136.929001 ) (2048 -8600 136.929001 ) (2048 -8905 136.929001 ) 
4 159 160 (1996 -8600 136.929001 ) (1996 -8317 136.929001 ) (2048 -8317 136.929001 ) (2048 -8600 136.929001 ) 
4 159 164 (1996 -9216 1536 ) (1996 -8317 1536 ) (1996 -8317 136.929001 ) (1996 -9216 136.929001 ) 
4 160 164 (1996 -8317 136.929001 ) (1996 -8317 136 ) (1996 -8600 136 ) (1996 -8600 136.929001 ) 
4 160 161 (2048 -8600 136.929001 ) (1996 -8600 136.929001 ) (1996 -8600 136 ) (2048 -8600 136 ) 
4 161 162 (2048 -8905 136.929001 ) (1996 -8905 136.929001 ) (1996 -8905 136 ) (2048 -8905 136 ) 
4 161 164 (1996 -8600 136 ) (1996 -8905 136 ) (1996 -8905 136.929001 ) (1996 -8600 136.929001 ) 
4 162 164 (1996 -8905 136 ) (1996 -9149 136 ) (1996 -9149 136.929001 ) (1996 -8905 136.929001 ) 
4 162 163 (2048 -9149 136.929001 ) (1996 -9149 136.929001 ) (1996 -9149 136 ) (2048 -9149 136 ) 
4 163 185 (2048 -9216 136 ) (2048 -9216 136.929001 ) (1996 -9216 136.929001 ) (1996 -9216 136 ) 
4 163 164 (1996 -9149 136 ) (1996 -9216 136 ) (1996 -9216 136.929001 ) (1996 -9149 136.929001 ) 
4 164 187 (1352 -9216 144 ) (1352 -9216 136 ) (1996 -9216 136 ) (1996 -9216 144 ) 
4 164 183 (1996 -9216 1536 ) (1352 -9216 1536 ) (1352 -9216 144 ) (1996 -9216 144 ) 
4 164 165 (1352 -9216 1536 ) (1352 -8317 1536 ) (1352 -8317 144 ) (1352 -9216 144 ) 
4 165 183 (1352 -9216 1536 ) (1288 -9216 1536 ) (1288 -9216 144 ) (1352 -9216 144 ) 
4 165 166 (1288 -8317 1536 ) (1288 -8317 144 ) (1288 -9216 144 ) (1288 -9216 1536 ) 
4 166 188 (1288 -9216 136.929001 ) (1288 -9216 1536 ) (1064 -9216 1536 ) (1064 -9216 136.929001 ) 
4 166 170 (1064 -9216 136.929001 ) (1064 -9179 136.929001 ) (1288 -9179 136.929001 ) (1288 -9216 136.929001 ) 
4 166 169 (1064 -9179 136.929001 ) (1064 -8905 136.929001 ) (1288 -8905 136.929001 ) (1288 -9179 136.929001 ) 
4 166 168 (1064 -8905 136.929001 ) (1064 -8600 136.929001 ) (1288 -8600 136.929001 ) (1288 -8905 136.929001 ) 
4 166 167 (1064 -8600 136.929001 ) (1064 -8317 136.929001 ) (1288 -8317 136.929001 ) (1288 -8600 136.929001 ) 
4 166 171 (1064 -9216 1536 ) (1064 -8317 1536 ) (1064 -8317 136.929001 ) (1064 -9216 136.929001 ) 
4 167 171 (1064 -8317 136.929001 ) (1064 -8317 136 ) (1064 -8600 136 ) (1064 -8600 136.929001 ) 
4 167 168 (1288 -8600 136 ) (1288 -8600 136.929001 ) (1064 -8600 136.929001 ) (1064 -8600 136 ) 
4 168 169 (1288 -8905 136 ) (1288 -8905 136.929001 ) (1064 -8905 136.929001 ) (1064 -8905 136 ) 
4 168 171 (1064 -8600 136 ) (1064 -8905 136 ) (1064 -8905 136.929001 ) (1064 -8600 136.929001 ) 
4 169 171 (1064 -8905 136 ) (1064 -9179 136 ) (1064 -9179 136.929001 ) (1064 -8905 136.929001 ) 
4 169 170 (1288 -9179 136 ) (1288 -9179 136.929001 ) (1064 -9179 136.929001 ) (1064 -9179 136 ) 
4 170 189 (1064 -9216 136 ) (1288 -9216 136 ) (1288 -9216 136.929001 ) (1064 -9216 136.929001 ) 
4 170 171 (1064 -9179 136 ) (1064 -9216 136 ) (1064 -9216 136.929001 ) (1064 -9179 136.929001 ) 
4 171 191 (1024 -9216 1536 ) (1024 -9216 136 ) (1064 -9216 136 ) (1064 -9216 1536 ) 
4 171 176 (1024 -8317 136 ) (1024 -9216 136 ) (1024 -9216 144 ) (1024 -8317 144 ) 
4 171 175 (1024 -9216 144 ) (1024 -9216 1536 ) (1024 -8317 1536 ) (1024 -8317 144 ) 
4 172 176 (644 -8317 136 ) (1024 -8317 136 ) (1024 -8317 144 ) (644 -8317 144 ) 
4 172 175 (1024 -8317 144 ) (1024 -8317 1536 ) (644 -8317 1536 ) (644 -8317 144 ) 
4 172 174 (644 -8317 144 ) (644 -8317 1536 ) (644 -8253 1536 ) (644 -8253 144 ) 
4 172 173 (644 -8192 136 ) (644 -8253 136 ) (644 -8253 1536 ) (644 -8192 1536 ) 
4 173 182 (132 -8192 1536 ) (132 -8192 136 ) (132 -8253 136 ) (132 -8253 1536 ) 
4 173 174 (644 -8253 144 ) (644 -8253 1536 ) (132 -8253 1536 ) (132 -8253 144 ) 
4 174 182 (132 -8317 144 ) (132 -8317 1536 ) (132 -8253 1536 ) (132 -8253 144 ) 
4 174 177 (132 -8317 1536 ) (132 -8317 144 ) (356 -8317 144 ) (356 -8317 1536 ) 
4 174 175 (356 -8317 144 ) (644 -8317 144 ) (644 -8317 1536 ) (356 -8317 1536 ) 
4 175 198 (420 -9216 1536 ) (356 -9216 1536 ) (356 -9216 144 ) (420 -9216 144 ) 
4 175 197 (1024 -9216 144 ) (1024 -9216 1536 ) (420 -9216 1536 ) (420 -9216 144 ) 
4 175 177 (356 -8317 1536 ) (356 -8317 144 ) (356 -9216 144 ) (356 -9216 1536 ) 
4 175 176 (420 -8317 144 ) (1024 -8317 144 ) (1024 -9216 144 ) (420 -9216 144 ) 
4 176 197 (1024 -9216 136 ) (1024 -9216 144 ) (420 -9216 144 ) (420 -9216 136 ) 
4 177 199 (132 -9216 1536 ) (132 -9216 136.929001 ) (356 -9216 136.929001 ) (356 -9216 1536 ) 
4 177 182 (132 -9216 136.929001 ) (132 -9216 1536 ) (132 -8317 1536 ) (132 -8317 136.929001 ) 
4 177 181 (132 -9216 136.929001 ) (132 -9179 136.929001 ) (356 -9179 136.929001 ) (356 -9216 136.929001 ) 
4 177 180 (132 -9179 136.929001 ) (132 -8905 136.929001 ) (356 -8905 136.929001 ) (356 -9179 136.929001 ) 
4 177 179 (132 -8905 136.929001 ) (132 -8600 136.929001 ) (356 -8600 136.929001 ) (356 -8905 136.929001 ) 
4 177 178 (132 -8600 136.929001 ) (132 -8317 136.929001 ) (356 -8317 136.929001 ) (356 -8600 136.929001 ) 
4 178 182 (132 -8317 136 ) (132 -8600 136 ) (132 -8600 136.929001 ) (132 -8317 136.929001 ) 
4 178 179 (356 -8600 136 ) (356 -8600 136.929001 ) (132 -8600 136.929001 ) (132 -8600 136 ) 
4 179 182 (132 -8600 136 ) (132 -8905 136 ) (132 -8905 136.929001 ) (132 -8600 136.929001 ) 
4 179 180 (356 -8905 136 ) (356 -8905 136.929001 ) (132 -8905 136.929001 ) (132 -8905 136 ) 
4 180 182 (132 -8905 136 ) (132 -9179 136 ) (132 -9179 136.929001 ) (132 -8905 136.929001 ) 
4 180 181 (356 -9179 136 ) (356 -9179 136.929001 ) (132 -9179 136.929001 ) (132 -9179 136 ) 
4 181 200 (132 -9216 136.929001 ) (132 -9216 136 ) (356 -9216 136 ) (356 -9216 136.929001 ) 
4 181 182 (132 -9179 136 ) (132 -9216 136 ) (132 -9216 136.929001 ) (132 -9179 136.929001 ) 
4 182 211 (0 -9216 136 ) (0 -9216 1536 ) (0 -8192 1536 ) (0 -8192 136 ) 
4 182 202 (0 -9216 1536 ) (0 -9216 136 ) (132 -9216 136 ) (132 -9216 1536 ) 
4 183 192 (2048 -9728 144 ) (2048 -9728 1536 ) (1288 -9728 1536 ) (1288 -9728 144 ) 
4 183 188 (1288 -9728 144 ) (1288 -9728 1536 ) (1288 -9216 1536 ) (1288 -9216 144 ) 
4 183 184 (2048 -9728 144 ) (1996 -9728 144 ) (1996 -9216 144 ) (2048 -9216 144 ) 
4 183 187 (1996 -9728 144 ) (1352 -9728 144 ) (1352 -9216 144 ) (1996 -9216 144 ) 
4 184 186 (2048 -9728 136.929001 ) (1996 -9728 136.929001 ) (1996 -9454 136.929001 ) (2048 -9454 136.929001 ) 
4 184 185 (1996 -9454 136.929001 ) (1996 -9216 136.929001 ) (2048 -9216 136.929001 ) (2048 -9454 136.929001 ) 
4 184 187 (1996 -9728 136.929001 ) (1996 -9728 144 ) (1996 -9216 144 ) (1996 -9216 136.929001 ) 
4 185 187 (1996 -9216 136 ) (1996 -9454 136 ) (1996 -9454 136.929001 ) (1996 -9216 136.929001 ) 
4 185 186 (2048 -9454 136.929001 ) (1996 -9454 136.929001 ) (1996 -9454 136 ) (2048 -9454 136 ) 
4 186 187 (1996 -9454 136 ) (1996 -9728 136 ) (1996 -9728 136.929001 ) (1996 -9454 136.929001 ) 
4 188 192 (1288 -9728 144 ) (1288 -9728 1536 ) (1064 -9728 1536 ) (1064 -9728 144 ) 
4 188 190 (1064 -9728 136.929001 ) (1064 -9454 136.929001 ) (1288 -9454 136.929001 ) (1288 -9728 136.929001 ) 
4 188 189 (1064 -9454 136.929001 ) (1064 -9216 136.929001 ) (1288 -9216 136.929001 ) (1288 -9454 136.929001 ) 
4 188 191 (1064 -9728 136.929001 ) (1064 -9728 1536 ) (1064 -9216 1536 ) (1064 -9216 136.929001 ) 
4 189 191 (1064 -9216 136 ) (1064 -9454 136 ) (1064 -9454 136.929001 ) (1064 -9216 136.929001 ) 
4 189 190 (1288 -9454 136 ) (1288 -9454 136.929001 ) (1064 -9454 136.929001 ) (1064 -9454 136 ) 
4 190 191 (1064 -9454 136 ) (1064 -9728 136 ) (1064 -9728 136.929001 ) (1064 -9454 136.929001 ) 
4 191 197 (1024 -9216 1536 ) (1024 -9216 136 ) (1024 -9728 136 ) (1024 -9728 1536 ) 
4 191 192 (1024 -9728 1536 ) (1024 -9728 144 ) (1064 -9728 144 ) (1064 -9728 1536 ) 
4 192 203 (1024 -9792 1536 ) (1024 -9728 1536 ) (1024 -9728 144 ) (1024 -9792 144 ) 
4 192 193 (2048 -9792 144 ) (2048 -9792 1536 ) (1024 -9792 1536 ) (1024 -9792 144 ) 
4 193 204 (1024 -10013 1536 ) (1024 -9792 1536 ) (1024 -9792 136 ) (1024 -10013 136 ) 
4 193 194 (2048 -10013 136 ) (2048 -10013 1536 ) (1024 -10013 1536 ) (1024 -10013 136 ) 
4 194 205 (1024 -10064 1536 ) (1024 -10013 1536 ) (1024 -10013 128 ) (1024 -10064 128 ) 
4 194 196 (1024 -10064 128 ) (2048 -10064 128 ) (2048 -10064 628 ) (1024 -10064 628 ) 
4 194 195 (2048 -10064 628 ) (2048 -10064 1536 ) (1024 -10064 1536 ) (1024 -10064 628 ) 
4 195 206 (1024 -10112 1536 ) (1024 -10064 1536 ) (1024 -10064 628 ) (1024 -10112 628 ) 
4 195 196 (2048 -10112 628 ) (1024 -10112 628 ) (1024 -10064 628 ) (2048 -10064 628 ) 
4 196 207 (1024 -10064 628 ) (1024 -10064 128 ) (1024 -10112 128 ) (1024 -10112 628 ) 
4 197 203 (1024 -9728 144 ) (1024 -9728 1536 ) (420 -9728 1536 ) (420 -9728 144 ) 
4 197 198 (420 -9728 144 ) (420 -9728 1536 ) (420 -9216 1536 ) (420 -9216 144 ) 
4 198 203 (420 -9728 1536 ) (356 -9728 1536 ) (356 -9728 144 ) (420 -9728 144 ) 
4 198 199 (356 -9728 144 ) (356 -9728 1536 ) (356 -9216 1536 ) (356 -9216 144 ) 
4 199 203 (356 -9728 144 ) (356 -9728 1536 ) (132 -9728 1536 ) (132 -9728 144 ) 
4 199 201 (132 -9728 136.929001 ) (132 -9454 136.929001 ) (356 -9454 136.929001 ) (356 -9728 136.929001 ) 
4 199 200 (132 -9454 136.929001 ) (132 -9216 136.929001 ) (356 -9216 136.929001 ) (356 -9454 136.929001 ) 
4 199 202 (132 -9728 136.929001 ) (132 -9728 1536 ) (132 -9216 1536 ) (132 -9216 136.929001 ) 
4 200 202 (132 -9216 136 ) (132 -9454 136 ) (132 -9454 136.929001 ) (132 -9216 136.929001 ) 
4 200 201 (356 -9454 136 ) (356 -9454 136.929001 ) (132 -9454 136.929001 ) (132 -9454 136 ) 
4 201 202 (132 -9454 136 ) (132 -9728 136 ) (132 -9728 136.929001 ) (132 -9454 136.929001 ) 
4 202 229 (0 -9216 1536 ) (0 -9216 136 ) (0 -9728 136 ) (0 -9728 1536 ) 
4 202 203 (0 -9728 1536 ) (0 -9728 144 ) (132 -9728 144 ) (132 -9728 1536 ) 
4 203 234 (0 -9792 1536 ) (0 -9728 1536 ) (0 -9728 144 ) (0 -9792 144 ) 
4 203 204 (1024 -9792 144 ) (1024 -9792 1536 ) (0 -9792 1536 ) (0 -9792 144 ) 
4 204 236 (0 -10013 1536 ) (0 -9792 1536 ) (0 -9792 136 ) (0 -10013 136 ) 
4 204 205 (1024 -10013 136 ) (1024 -10013 1536 ) (0 -10013 1536 ) (0 -10013 136 ) 
4 205 237 (0 -10064 1536 ) (0 -10013 1536 ) (0 -10013 128 ) (0 -10064 128 ) 
4 205 207 (0 -10064 128 ) (1024 -10064 128 ) (1024 -10064 628 ) (0 -10064 628 ) 
4 205 206 (1024 -10064 628 ) (1024 -10064 1536 ) (0 -10064 1536 ) (0 -10064 628 ) 
4 206 238 (0 -10112 1536 ) (0 -10064 1536 ) (0 -10064 628 ) (0 -10112 628 ) 
4 206 207 (1024 -10112 628 ) (0 -10112 628 ) (0 -10064 628 ) (1024 -10064 628 ) 
4 207 239 (0 -10064 628 ) (0 -10064 128 ) (0 -10112 128 ) (0 -10112 628 ) 
4 208 222 (-1024 -7168 1536 ) (-1024 -7168 136.087997 ) (-1024 -8032 136.087997 ) (-1024 -8032 1536 ) 
4 208 210 (0 -8032 136.087997 ) (0 -8032 1536 ) (-1024 -8032 1536 ) (-1024 -8032 136.087997 ) 
4 208 209 (-192 -7168 136.087997 ) (0 -7168 136.087997 ) (0 -7680 136.087997 ) (-192 -7680 136.087997 ) 
4 210 223 (-1024 -8192 136 ) (-1024 -8192 1536 ) (-1024 -8032 1536 ) (-1024 -8032 136 ) 
4 210 213 (-576 -8192 136 ) (-288 -8192 136 ) (-288 -8192 144 ) (-576 -8192 144 ) 
4 210 214 (-1024 -8192 144 ) (-1024 -8192 136 ) (-576 -8192 136 ) (-576 -8192 144 ) 
4 210 212 (-288 -8192 1536 ) (-1024 -8192 1536 ) (-1024 -8192 144 ) (-288 -8192 144 ) 
4 210 211 (0 -8192 136 ) (0 -8192 1536 ) (-288 -8192 1536 ) (-288 -8192 136 ) 
4 211 229 (0 -9216 136 ) (0 -9216 1536 ) (-288 -9216 1536 ) (-288 -9216 136 ) 
4 211 219 (-288 -9149 136 ) (-288 -9216 136 ) (-288 -9216 137 ) (-288 -9149 137 ) 
4 211 218 (-288 -8905 136 ) (-288 -9149 136 ) (-288 -9149 137 ) (-288 -8905 137 ) 
4 211 217 (-288 -8600 136 ) (-288 -8905 136 ) (-288 -8905 137 ) (-288 -8600 137 ) 
4 211 216 (-288 -8317 136 ) (-288 -8600 136 ) (-288 -8600 137 ) (-288 -8317 137 ) 
4 211 215 (-288 -9216 137 ) (-288 -9216 1536 ) (-288 -8317 1536 ) (-288 -8317 137 ) 
4 211 213 (-288 -8192 144 ) (-288 -8192 136 ) (-288 -8253 136 ) (-288 -8253 144 ) 
4 211 212 (-288 -8192 1536 ) (-288 -8192 144 ) (-288 -8317 144 ) (-288 -8317 1536 ) 
4 212 226 (-1024 -8192 1536 ) (-1024 -8192 144 ) (-1024 -8317 144 ) (-1024 -8317 1536 ) 
4 212 220 (-512 -8317 1536 ) (-576 -8317 1536 ) (-576 -8317 144 ) (-512 -8317 144 ) 
4 212 221 (-576 -8317 1536 ) (-1024 -8317 1536 ) (-1024 -8317 144 ) (-576 -8317 144 ) 
4 212 215 (-288 -8317 144 ) (-288 -8317 1536 ) (-512 -8317 1536 ) (-512 -8317 144 ) 
4 212 213 (-576 -8253 144 ) (-576 -8192 144 ) (-288 -8192 144 ) (-288 -8253 144 ) 
4 212 214 (-576 -8317 144 ) (-1024 -8317 144 ) (-1024 -8192 144 ) (-576 -8192 144 ) 
4 213 214 (-576 -8192 136 ) (-576 -8253 136 ) (-576 -8253 144 ) (-576 -8192 144 ) 
4 214 226 (-1024 -8192 144 ) (-1024 -8192 136 ) (-1024 -8317 136 ) (-1024 -8317 144 ) 
4 214 221 (-1024 -8317 136 ) (-576 -8317 136 ) (-576 -8317 144 ) (-1024 -8317 144 ) 
4 215 230 (-512 -9216 1536 ) (-512 -9216 137 ) (-288 -9216 137 ) (-288 -9216 1536 ) 
4 215 220 (-512 -8317 1536 ) (-512 -8317 144 ) (-512 -9216 144 ) (-512 -9216 1536 ) 
4 215 219 (-512 -9216 137 ) (-512 -9149 137 ) (-288 -9149 137 ) (-288 -9216 137 ) 
4 215 218 (-512 -9149 137 ) (-512 -8905 137 ) (-288 -8905 137 ) (-288 -9149 137 ) 
4 215 217 (-512 -8905 137 ) (-512 -8600 137 ) (-288 -8600 137 ) (-288 -8905 137 ) 
4 215 216 (-512 -8600 137 ) (-512 -8317 137 ) (-288 -8317 137 ) (-288 -8600 137 ) 
4 216 217 (-288 -8600 136 ) (-288 -8600 137 ) (-512 -8600 137 ) (-512 -8600 136 ) 
4 217 218 (-288 -8905 136 ) (-288 -8905 137 ) (-512 -8905 137 ) (-512 -8905 136 ) 
4 218 219 (-288 -9149 136 ) (-288 -9149 137 ) (-512 -9149 137 ) (-512 -9149 136 ) 
4 219 231 (-512 -9216 137 ) (-512 -9216 136 ) (-288 -9216 136 ) (-288 -9216 137 ) 
4 220 233 (-512 -9216 144 ) (-512 -9216 1536 ) (-576 -9216 1536 ) (-576 -9216 144 ) 
4 220 221 (-576 -9216 1536 ) (-576 -8317 1536 ) (-576 -8317 144 ) (-576 -9216 144 ) 
4 221 235 (-1024 -9216 1536 ) (-1024 -9216 136 ) (-576 -9216 136 ) (-576 -9216 1536 ) 
4 221 226 (-1024 -9216 136 ) (-1024 -9216 1536 ) (-1024 -8317 1536 ) (-1024 -8317 136 ) 
4 222 224 (-1199 -7168 1536 ) (-1199 -7168 136.087997 ) (-1199 -8032 136.087997 ) (-1199 -8032 1536 ) 
4 222 223 (-1199 -8032 1536 ) (-1199 -8032 136.087997 ) (-1024 -8032 136.087997 ) (-1024 -8032 1536 ) 
4 223 226 (-1024 -8192 136 ) (-1024 -8192 1536 ) (-1199 -8192 1536 ) (-1199 -8192 136 ) 
4 223 224 (-1199 -8192 136 ) (-1199 -8192 1536 ) (-1199 -8032 1536 ) (-1199 -8032 136 ) 
4 224 227 (-1199 -8192 136 ) (-1199 -8192 1536 ) (-1421 -8192 1536 ) (-1421 -8192 136 ) 
4 224 225 (-1421 -8192 136 ) (-1421 -8192 1536 ) (-1421 -7168 1536 ) (-1421 -7168 136 ) 
4 225 228 (-1984 -8192 128 ) (-1421 -8192 128 ) (-1421 -8192 1536 ) (-1984 -8192 1536 ) 
4 226 240 (-1024 -9216 136 ) (-1024 -9216 1536 ) (-1199 -9216 1536 ) (-1199 -9216 136 ) 
4 226 227 (-1199 -8192 1536 ) (-1199 -8192 136 ) (-1199 -9216 136 ) (-1199 -9216 1536 ) 
4 227 245 (-1199 -9216 136 ) (-1199 -9216 1536 ) (-1421 -9216 1536 ) (-1421 -9216 136 ) 
4 227 228 (-1421 -9216 136 ) (-1421 -9216 1536 ) (-1421 -8192 1536 ) (-1421 -8192 136 ) 
4 228 246 (-1984 -9216 128 ) (-1421 -9216 128 ) (-1421 -9216 1536 ) (-1984 -9216 1536 ) 
4 229 234 (0 -9728 144 ) (0 -9728 1536 ) (-288 -9728 1536 ) (-288 -9728 144 ) 
4 229 232 (-288 -9454 136 ) (-288 -9728 136 ) (-288 -9728 137 ) (-288 -9454 137 ) 
4 229 231 (-288 -9216 136 ) (-288 -9454 136 ) (-288 -9454 137 ) (-288 -9216 137 ) 
4 229 230 (-288 -9728 137 ) (-288 -9728 1536 ) (-288 -9216 1536 ) (-288 -9216 137 ) 
4 230 234 (-288 -9728 1536 ) (-512 -9728 1536 ) (-512 -9728 144 ) (-288 -9728 144 ) 
4 230 233 (-512 -9216 1536 ) (-512 -9216 144 ) (-512 -9728 144 ) (-512 -9728 1536 ) 
4 230 232 (-512 -9728 137 ) (-512 -9454 137 ) (-288 -9454 137 ) (-288 -9728 137 ) 
4 230 231 (-512 -9454 137 ) (-512 -9216 137 ) (-288 -9216 137 ) (-288 -9454 137 ) 
4 231 232 (-512 -9454 136 ) (-288 -9454 136 ) (-288 -9454 137 ) (-512 -9454 137 ) 
4 233 235 (-576 -9216 1536 ) (-576 -9216 144 ) (-576 -9728 144 ) (-576 -9728 1536 ) 
4 233 234 (-576 -9728 1536 ) (-576 -9728 144 ) (-512 -9728 144 ) (-512 -9728 1536 ) 
4 234 236 (0 -9792 144 ) (0 -9792 1536 ) (-576 -9792 1536 ) (-576 -9792 144 ) 
4 234 235 (-576 -9792 144 ) (-576 -9792 1536 ) (-576 -9728 1536 ) (-576 -9728 144 ) 
4 235 240 (-1024 -9216 1536 ) (-1024 -9216 136 ) (-1024 -9792 136 ) (-1024 -9792 1536 ) 
4 235 236 (-576 -9792 136 ) (-576 -9792 1536 ) (-1024 -9792 1536 ) (-1024 -9792 136 ) 
4 236 240 (-1024 -10013 136 ) (-1024 -10013 1536 ) (-1024 -9792 1536 ) (-1024 -9792 136 ) 
4 236 237 (0 -10013 136 ) (0 -10013 1536 ) (-1024 -10013 1536 ) (-1024 -10013 136 ) 
4 237 243 (-1024 -10013 128 ) (-1024 -10064 128 ) (-1024 -10064 136 ) (-1024 -10013 136 ) 
4 237 240 (-1024 -10064 136 ) (-1024 -10064 1536 ) (-1024 -10013 1536 ) (-1024 -10013 136 ) 
4 237 239 (-1024 -10064 128 ) (0 -10064 128 ) (0 -10064 628 ) (-1024 -10064 628 ) 
4 237 238 (0 -10064 628 ) (0 -10064 1536 ) (-1024 -10064 1536 ) (-1024 -10064 628 ) 
4 238 241 (-1024 -10112 628 ) (-1024 -10112 1536 ) (-1024 -10064 1536 ) (-1024 -10064 628 ) 
4 238 239 (0 -10112 628 ) (-1024 -10112 628 ) (-1024 -10064 628 ) (0 -10064 628 ) 
4 239 244 (-1024 -10064 128 ) (-1024 -10112 128 ) (-1024 -10112 136 ) (-1024 -10064 136 ) 
4 239 242 (-1024 -10112 136 ) (-1024 -10112 628 ) (-1024 -10064 628 ) (-1024 -10064 136 ) 
4 240 245 (-1199 -10064 1536 ) (-1199 -9216 1536 ) (-1199 -9216 136 ) (-1199 -10064 136 ) 
4 240 243 (-1199 -10064 136 ) (-1199 -10013 136 ) (-1024 -10013 136 ) (-1024 -10064 136 ) 
4 240 242 (-1199 -10064 136 ) (-1024 -10064 136 ) (-1024 -10064 628 ) (-1199 -10064 628 ) 
4 240 241 (-1024 -10064 628 ) (-1024 -10064 1536 ) (-1199 -10064 1536 ) (-1199 -10064 628 ) 
4 241 245 (-1199 -10112 628 ) (-1199 -10112 1536 ) (-1199 -10064 1536 ) (-1199 -10064 628 ) 
4 241 242 (-1024 -10112 628 ) (-1199 -10112 628 ) (-1199 -10064 628 ) (-1024 -10064 628 ) 
4 242 245 (-1199 -10112 136 ) (-1199 -10112 628 ) (-1199 -10064 628 ) (-1199 -10064 136 ) 
4 242 244 (-1024 -10112 136 ) (-1199 -10112 136 ) (-1199 -10064 136 ) (-1024 -10064 136 ) 
4 243 244 (-1024 -10064 136 ) (-1199 -10064 136 ) (-1199 -10064 128 ) (-1024 -10064 128 ) 
4 245 246 (-1421 -10112 136 ) (-1421 -10112 1536 ) (-1421 -9216 1536 ) (-1421 -9216 136 ) 
